PHP 7.4.26 is installed.
Found ImageMagick: /usr/bin/convert. Image thumbnailing will be enabled if you enable uploads.
Found the Git version control software: /usr/bin/git.
Using server name "http://localhost".
Warning: No --scriptpath specified, using default: /wiki.
Using server URL "http://localhost/wiki".
Warning: Your default directory for uploads (/var/www/html/images/) is not checked for vulnerability to arbitrary script execution during the CLI install.
Using the PHP intl extension for Unicode normalization.
The environment has been checked. You can install MediaWiki.
Setting up database
done
Creating tables, step one
done
Creating database user
done
Creating tables, step two
done
Populating default interwiki table
done
Initializing statistics
done
Generating secret keys
done
Prevent running unneeded updates
done
Restoring mediawiki services
done
Creating administrator user account
done
Creating main page with default content
done
Database was successfully set up
MediaWiki has been successfully installed. You can now visit <http://localhost/wiki> to view your wiki. If you have questions, check out our frequently asked questions list: <https://www.mediawiki.org/wiki/Special:MyLanguage/Manual:FAQ> or use one of the support forums linked on that page.
Done!
MediaWiki 1.35.4 Updater

Your composer.lock file is up to date with current dependencies!
Going to run database updates for my_wiki
Depending on the size of your database this may take a while!
...have ipb_id field in ipblocks table.
...have ipb_expiry field in ipblocks table.
...already have interwiki table
...indexes seem up to 20031107 standards.
...have rc_type field in recentchanges table.
...index new_name_timestamp already set on recentchanges table.
...have user_real_name field in user table.
...querycache table already exists.
...objectcache table already exists.
...categorylinks table already exists.
...have pagelinks; skipping old links table updates
...il_from OK
...have rc_ip field in recentchanges table.
...index PRIMARY already set on image table.
...have rc_id field in recentchanges table.
...have rc_patrolled field in recentchanges table.
...logging table already exists.
...have user_token field in user table.
...have wl_notificationtimestamp field in watchlist table.
...watchlist talk page rows already present.
...user table does not contain user_emailauthenticationtimestamp field.
...page table already exists.
...have log_params field in logging table.
...logging table has correct log_title encoding.
...have ar_rev_id field in archive table.
...have page_len field in page table.
...revision table does not contain inverse_timestamp field.
...have rev_deleted field in revision table.
...have img_width field in image table.
...have img_metadata field in image table.
...have user_email_token field in user table.
...page_namespace is already a full int (int(11)).
...ar_namespace is already a full int (int(11)).
...rc_namespace is already a full int (int(11)).
...wl_namespace is already a full int (int(11)).
...qc_namespace is already a full int (int(11)).
...log_namespace is already a full int (int(11)).
...have img_media_type field in image table.
...already have pagelinks table.
...image table does not contain img_type field.
...already have unique user_name index.
...user_groups table exists and is in current format.
...have ss_total_pages field in site_stats table.
...user_newtalk table already exists.
...have iw_trans field in interwiki table.
...wl_notificationtimestamp is already nullable.
...index times already set on logging table.
...have ipb_range_start field in ipblocks table.
...no page_random rows needed to be set
...have user_registration field in user table.
...templatelinks table already exists
...externallinks table already exists.
...job table already exists.
...have ss_images field in site_stats table.
...langlinks table already exists.
...querycache_info table already exists.
...filearchive table already exists.
...have ipb_anon_only field in ipblocks table.
...have user_newpass_time field in user table.
...redirect table already exists.
...querycachetwo table already exists.
...have ipb_enable_autoblock field in ipblocks table.
...index pl_namespace on table pagelinks includes field pl_from.
...index tl_namespace on table templatelinks includes field tl_from.
...index il_to on table imagelinks includes field il_from.
...have rc_old_len field in recentchanges table.
...have user_editcount field in user table.
...page_restrictions table already exists.
...have log_id field in logging table.
...have rev_parent_id field in revision table.
...have pr_id field in page_restrictions table.
...have rev_len field in revision table.
...have rc_deleted field in recentchanges table.
...have log_deleted field in logging table.
...have ar_deleted field in archive table.
...have ipb_deleted field in ipblocks table.
...have fa_deleted field in filearchive table.
...have ar_len field in archive table.
...have ipb_block_email field in ipblocks table.
...index cl_sortkey on table categorylinks includes field cl_from.
...have oi_metadata field in oldimage table.
...have ar_page_id field in archive table.
...have img_sha1 field in image table.
...protected_titles table already exists.
...page_props table already exists.
...updatelog table already exists.
...category table already exists.
Populating category table, printing progress markers. For large databases, you
may want to hit Ctrl-C and do this manually with maintenance/
populateCategory.php.
Done populating category table.
...have ar_parent_id field in archive table.
...have user_last_timestamp field in user_newtalk table.
Populating rev_parent_id fields, printing progress markers. For large
databases, you may want to hit Ctrl-C and do this manually with
maintenance/populateParentId.php.
Populating rev_parent_id column
...doing rev_id from 1 to 200
rev_parent_id population complete ... 0 rows [0 changed]
...protected_titles table has correct pt_title encoding.
...have ss_active_users field in site_stats table.
...ss_active_users user count set...
...have ipb_allow_usertalk field in ipblocks table.
...change_tag table already exists.
...user_properties table already exists.
...log_search table already exists.
Populating log_search table, printing progress markers. For large
databases, you may want to hit Ctrl-C and do this manually with
maintenance/populateLogSearch.php.
This does not appear to be an upgrade from MediaWiki pre-1.16 (logging.log_user does not exist).
Nothing to do.
done.
...l10n_cache table already exists.
...ct_rc_id key doesn't exist.
...have rd_interwiki field in redirect table.
Altering all *_mime_minor fields to 100 bytes in size ...done.
...iwlinks table already exists.
...index iwl_prefix_title_from already set on iwlinks table.
...have ul_value field in updatelog table.
...have iw_api field in interwiki table.
...iwl_prefix key doesn't exist.
...have cl_collation field in categorylinks table.
Updating categorylinks (again) ...done.
...module_deps table already exists.
...ar_page_revid key doesn't exist.
...skipping index ar_revid because index ar_revid_uniq already set on archive table.
...user_last_timestamp is already nullable.
...index user_email already set on user table.
...up_property in table user_properties already modified by patch patch-up_property.sql.
...uploadstash table already exists.
...user_former_groups table already exists.
...have rev_sha1 field in revision table.
...batch conversion of user_options: nothing to migrate. done.
...user table does not contain user_options field.
...have ar_sha1 field in archive table.
...index page_redirect_namespace_len already set on page table.
...have us_chunk_inx field in uploadstash table.
...have job_timestamp field in job table.
...have ipb_parent_block_id field in ipblocks table.
...index ipb_parent_block_id already set on ipblocks table.
...category table does not contain cat_hidden field.
...have page_content_model field in page table.
...site_stats table does not contain ss_admins field.
...recentchanges table does not contain rc_moved_to_title field.
...sites table already exists.
...have fa_sha1 field in filearchive table.
...have job_token field in job table.
...have job_attempts field in job table.
...have us_props field in uploadstash table.
...ug_group in table user_groups already modified by patch patch-ug_group-length-increase-255.sql.
...ufg_group in table user_former_groups already modified by patch patch-ufg_group-length-increase-255.sql.
...index pp_propname_page already set on page_props table.
...index img_media_mime already set on image table.
...iwl_prefix_title_from index is already non-UNIQUE.
...index iwl_prefix_from_title already set on iwlinks table.
...have ar_id field in archive table.
...have el_id field in externallinks table.
...have rc_source field in recentchanges table.
...have page_links_updated field in page table.
...have user_password_expires field in user table.
...have pp_sortkey field in page_props table.
...recentchanges table does not contain rc_cur_time field.
...index wl_user_notificationtimestamp already set on watchlist table.
...have page_lang field in page table.
...have pl_from_namespace field in pagelinks table.
...have tl_from_namespace field in templatelinks table.
...have il_from_namespace field in imagelinks table.
...img_major_mime in table image already modified by patch patch-img_major_mime-chemical.sql.
...oi_major_mime in table oldimage already modified by patch patch-oi_major_mime-chemical.sql.
...fa_major_mime in table filearchive already modified by patch patch-fa_major_mime-chemical.sql.
...comment fields are up to date.
...hitcounter doesn't exist.
...site_stats table does not contain ss_total_views field.
...page table does not contain page_counter field.
...msg_resource_links doesn't exist.
...msg_resource doesn't exist.
...bot_passwords table already exists.
...have wl_id field in watchlist table.
...cl_collation key doesn't exist.
...index cl_collation_ext already set on categorylinks table.
...collations up-to-date.
...index rc_name_type_patrolled_timestamp already set on recentchanges table.
...rev_page_id index already non-unique.
...pl_namespace, tl_namespace, il_to indices are already non-UNIQUE.
...have ct_id field in change_tag table.
Modifying rc_ip field of table recentchanges ...done.
...have el_index_60 field in externallinks table.
...ug_user_group key doesn't exist.
...have ug_expiry field in user_groups table.
Modifying img_media_type field of table image ...done.
...ip_changes table already exists.
...index PRIMARY already set on categorylinks table.
...index PRIMARY already set on templatelinks table.
...index PRIMARY already set on pagelinks table.
...index PRIMARY already set on text table.
...index PRIMARY already set on imagelinks table.
...index PRIMARY already set on iwlinks table.
...index PRIMARY already set on langlinks table.
...index PRIMARY already set on log_search table.
...index PRIMARY already set on module_deps table.
...index PRIMARY already set on objectcache table.
...index PRIMARY already set on querycache_info table.
...index PRIMARY already set on site_stats table.
...index PRIMARY already set on user_former_groups table.
...index PRIMARY already set on user_properties table.
...comment table already exists.
...revision_comment_temp table already exists.
...have ar_comment_id field in archive table.
...have fa_description_id field in filearchive table.
...img_description field does not exist in image table, skipping modify field patch.
...have ipb_reason_id field in ipblocks table.
...have log_comment_id field in logging table.
...have oi_description_id field in oldimage table.
...have pt_reason_id field in protected_titles table.
...have rc_comment_id field in recentchanges table.
...rev_comment field does not exist in revision table, skipping modify field patch.
...have img_description_id field in image table.
Migrating comments to the 'comments' table, printing progress markers. For large
databases, you may want to hit Ctrl-C and do this manually with
maintenance/migrateComments.php.
No need to migrate revision.rev_comment, field does not exist
No need to migrate archive.ar_comment, field does not exist
No need to migrate ipblocks.ipb_reason, field does not exist
No need to migrate image.img_description, field does not exist
No need to migrate oldimage.oi_description, field does not exist
No need to migrate filearchive.fa_deleted_reason, field does not exist
No need to migrate filearchive.fa_description, field does not exist
No need to migrate recentchanges.rc_comment, field does not exist
No need to migrate logging.log_comment, field does not exist
No need to migrate protected_titles.pt_reason, field does not exist
done.
...index PRIMARY already set on l10n_cache table.
...bot_passwords.bp_user is already unsigned int.
...change_tag.ct_log_id is already unsigned int.
...change_tag.ct_rev_id is already unsigned int.
...page_restrictions.pr_user is already unsigned int.
...user_newtalk.user_id is already unsigned int.
...user_properties.up_user is already unsigned int.
...slots table already exists.
...have slot_origin field in slots table.
...content table already exists.
...slot_roles table already exists.
...content_models table already exists.
...actor table already exists.
...revision_actor_temp table already exists.
...have ar_actor field in archive table.
...have ipb_by_actor field in ipblocks table.
...have img_actor field in image table.
...have oi_actor field in oldimage table.
...have fa_actor field in filearchive table.
...have rc_actor field in recentchanges table.
...have log_actor field in logging table.
Migrating actors to the 'actor' table, printing progress markers. For large
databases, you may want to hit Ctrl-C and do this manually with
maintenance/migrateActors.php.
Creating actor entries for all registered users
... 1 - 2
Completed actor creation, added 0 new actor(s)
No need to migrate revision.rev_user, field does not exist
No need to migrate archive.ar_user, field does not exist
No need to migrate ipblocks.ipb_by, field does not exist
No need to migrate image.img_user, field does not exist
No need to migrate oldimage.oi_user, field does not exist
No need to migrate filearchive.fa_user, field does not exist
No need to migrate recentchanges.rc_user, field does not exist
No need to migrate logging.log_user, field does not exist
Beginning migration of log_search
Completed migration, inserted 0 row(s) with 0 new actor(s), 0 error(s)
done.
...rev_text_id field does not exist in revision table, skipping modify field patch.
Modifying table site_stats ...done.
...index rc_namespace_title_timestamp already set on recentchanges table.
...change_tag_def table already exists.
Populating el_index_60 field, printing progress markers. For large
databases, you may want to hit Ctrl-C and do this manually with
maintenance/populateExternallinksIndex60.php.
Populating externallinks.el_index_60...
el_id 0 - 200 of 6
Done, 0 rows updated.
done.
Modifying el_index_60 field of table externallinks ...done.
Running maintenance/deduplicateArchiveRevId.php...
Deduplicating ar_rev_id...
New install, nothing to do here.
done.
...have ct_tag_id field in change_tag table.
...index ar_revid_uniq already set on archive table.
Migrating revision data to the MCR 'slot' and 'content' tables, printing progress markers.
For large databases, you may want to hit Ctrl-C and do this manually with
maintenance/populateContentTables.php.
Populating revision...
No need to populate, revision.rev_text_id field does not exist
Populating archive...
No need to populate, archive.ar_text_id field does not exist
Done. Processed 0 rows in 0.032540082931519 seconds
done.
...index log_type_action already set on logging table.
...type_action key doesn't exist.
...index PRIMARY already set on interwiki table.
...index PRIMARY already set on page_props table.
...index PRIMARY already set on protected_titles table.
...index PRIMARY already set on site_identifiers table.
...index rc_this_oldid already set on recentchanges table.
...transcache doesn't exist.
Running maintenance/populateChangeTagDef.php...
done.
...index change_tag_rc_tag_id already set on change_tag table.
...have ipb_sitewide field in ipblocks table.
...ipblocks_restrictions table already exists.
...change_tag table does not contain ct_tag field.
...valid_tag doesn't exist.
...tag_summary doesn't exist.
...archive table does not contain ar_comment field.
...ipblocks table does not contain ipb_reason field.
...image table does not contain img_description field.
...oldimage table does not contain oi_description field.
...filearchive table does not contain fa_description field.
...recentchanges table does not contain rc_comment field.
...logging table does not contain log_comment field.
...protected_titles table does not contain pt_reason field.
Modifying table job ...done.
...ar_usertext_timestamp key doesn't exist.
...usertext_timestamp key doesn't exist.
...archive table does not contain ar_user field.
...ipblocks table does not contain ip_by field.
...img_user_timestamp key doesn't exist.
...image table does not contain img_user field.
...oldimage table does not contain oi_user field.
...filearchive table does not contain fa_user field.
...recentchanges table does not contain rc_user field.
...logging table does not contain log_user field.
...index un_user_ip already set on user_newtalk table.
...watchlist_expiry table already exists.
Modifying page_restrictions field of table page ...done.
...index ipb_address_unique already set on ipblocks table.
...have rev_actor field in revision table.
...archive table does not contain ar_text_id field.
...lc_lang is up-to-date.
...ll_lang is up-to-date.
...site_language is up-to-date.
...index ipb_address_unique on table ipblocks has no field ipb_anon_only; added.
...ipb_address_unique index up-to-date.
Modifying actor_name field of table actor ...done.
Modifying site_global_key field of table sites ...done.
Modifying iwl_prefix field of table iwlinks ...done.
Creating wb_changes table ...done.
Applying /var/www/html/extensions/Wikibase/repo/includes/Store/Sql/../../../sql/ChangeChangeObjectId.sql patch ...done.
Creating wb_changes_dispatch table ...done.
Creating wb_items_per_site table ...done.
...have term_search_key field in wb_terms table.
...have term_row_id field in wb_terms table.
...have term_weight field in wb_terms table.
Modifying term_row_id field of table wb_terms ...done.
...wb_terms_entity_type key doesn't exist.
...have term_full_entity_id field in wb_terms table.
...term_search key doesn't exist.
...index tmp1 already set on wb_terms table.
...index wb_terms_entity_id already set on wb_terms table.
...index wb_terms_text already set on wb_terms table.
...index wb_terms_search_key already set on wb_terms table.
Modifying ips_site_page field of table wb_items_per_site ...done.
...wb_ips_site_page key doesn't exist.
Modifying change_info field of table wb_changes ...done.
Creating wb_property_info table ...done.
Populating wb_property_info
...Updated 0 properties, up to page ID 1.
Creating wbt_text table ...done.
Creating babel table ...done.
Modifying babel_lang field of table babel ...done.
Modifying babel_level field of table babel ...done.
Creating entityschema_id_counter table ...done.
Creating oauth_registered_consumer table ...done.
...have oarc_callback_is_prefix field in oauth_registered_consumer table.
...have oarc_developer_agreement field in oauth_registered_consumer table.
...have oarc_owner_only field in oauth_registered_consumer table.
...have oarc_oauth_version field in oauth_registered_consumer table.
...have oarc_oauth2_is_confidential field in oauth_registered_consumer table.
...have oarc_oauth2_allowed_grants field in oauth_registered_consumer table.
...have oaac_oauth_version field in oauth_accepted_consumer table.
...oauth2_access_tokens table already exists.
...index oaat_acceptance_id already set on oauth2_access_tokens table.
Creating wb_changes_subscription table ...done.
Creating wbc_entity_usage table ...done.
	Filling usage table: processed 0 pages, starting with page #0.
...site_stats is populated...done.
Checking existence of old default messages...done.
Populating rev_len column
...doing rev_id from 1 to 200
Populating ar_len column
...archive table seems to be empty.
rev_len and ar_len population complete [0 revision rows, 0 archive rows].
Populating rev_sha1 column
...doing rev_id from 1 to 200
Populating ar_sha1 column
...archive table seems to be empty.
Populating ar_sha1 column legacy rows
rev_sha1 and ar_sha1 population complete [0 revision rows, 0 archive rows].
Populating img_sha1 field

Done 0 files in 0.0 seconds
Fixing protocol-relative entries in the externallinks table...
Done, 0 rows updated.
Populating fa_sha1 field from fa_storage_key

Done 0 files in 0.0 seconds
Updating *_from_namespace fields in links tables.
...doing page_id from 1 to 200
Adding empty categories with description pages...
Removing empty categories without description pages...
Category cleanup complete.
Populating page_props.pp_sortkey...
Populating page_props.pp_sortkey complete.
Updated a total of 0 rows
Copying IP revisions to ip_changes, from rev_id 0 to rev_id 1
Attempted to insert 0 IP revisions, 0 actually done.
Updating externallinks table index fields
el_id 0 - 6 of 6
Done, 0 rows updated, 0 deleted.
Updated 0 search keys (skipped 0), up to row 0.
Done. Updated 0 search keys.
...term_full_entity_id already populated and complete.
Done populating term_full_entity_id column in wb_terms.
Purging caches...done.

Done in 12 s.
192.168.192.9 - - [15/Dec/2021:05:36:17 +0000] "GET /w/index.php?title=Special:OAuth/initiate&format=json&oauth_callback=http%3A%2F%2Fphilobiblon.duckdns.org%3A3002%2Fapi.php&oauth_consumer_key=5fb44df74d2bcf60a16e6f430578a5f1&oauth_version=1.0&oauth_nonce=4929a3471c3427f72cd14077cdf0a06c&oauth_timestamp=1639546577&oauth_signature_method=HMAC-SHA1&oauth_signature=CKnOpn6E7LDXVKQCQUw8jlB%2BA68%3D HTTP/1.1" 200 481 "-" "Wikibase Docker QuickStatements"
192.168.1.163 - - [15/Dec/2021:05:36:19 +0000] "GET /w/index.php?title=Special:OAuth/authorize&oauth_token=bf8538ba9d8c97fe557cc87fb9be0669&oauth_consumer_key=5fb44df74d2bcf60a16e6f430578a5f1&callback=http%3A%2F%2Fphilobiblon.duckdns.org%3A3002%2Fapi.php HTTP/1.1" 302 1031 "http://philobiblon.duckdns.org:3002/" "Mozilla/5.0 (X11; Ubuntu; Linux x86_64; rv:95.0) Gecko/20100101 Firefox/95.0"
192.168.1.163 - - [15/Dec/2021:05:36:20 +0000] "GET /w/index.php?title=Special:UserLogin&returnto=Special%3AOAuth%2Fauthorize&returntoquery=oauth_token%3Dbf8538ba9d8c97fe557cc87fb9be0669%26oauth_consumer_key%3D5fb44df74d2bcf60a16e6f430578a5f1%26callback%3Dhttp%253A%252F%252Fphilobiblon.duckdns.org%253A3002%252Fapi.php&warning=mwoauth-login-required-reason HTTP/1.1" 200 5233 "http://philobiblon.duckdns.org:3002/" "Mozilla/5.0 (X11; Ubuntu; Linux x86_64; rv:95.0) Gecko/20100101 Firefox/95.0"
192.168.1.163 - - [15/Dec/2021:05:36:23 +0000] "GET /w/load.php?lang=ca&modules=ext.uls.pt%7Cext.visualEditor.desktopArticleTarget.noscript%7Cmediawiki.htmlform.styles%7Cmediawiki.special.userlogin.common.styles%7Cmediawiki.special.userlogin.login.styles%7Cmediawiki.ui%7Cmediawiki.ui.button%2Ccheckbox%2Cinput%2Cradio%7Cskins.vector.styles.legacy&only=styles&skin=vector HTTP/1.1" 200 10896 "http://philobiblon.duckdns.org:3000/w/index.php?title=Special:UserLogin&returnto=Special%3AOAuth%2Fauthorize&returntoquery=oauth_token%3Dbf8538ba9d8c97fe557cc87fb9be0669%26oauth_consumer_key%3D5fb44df74d2bcf60a16e6f430578a5f1%26callback%3Dhttp%253A%252F%252Fphilobiblon.duckdns.org%253A3002%252Fapi.php&warning=mwoauth-login-required-reason" "Mozilla/5.0 (X11; Ubuntu; Linux x86_64; rv:95.0) Gecko/20100101 Firefox/95.0"
192.168.1.163 - - [15/Dec/2021:05:36:24 +0000] "GET /w/resources/src/mediawiki.special.userlogin.login.styles/images/glyph-people-large.png?707d6 HTTP/1.1" 200 1937 "http://philobiblon.duckdns.org:3000/w/load.php?lang=ca&modules=ext.uls.pt%7Cext.visualEditor.desktopArticleTarget.noscript%7Cmediawiki.htmlform.styles%7Cmediawiki.special.userlogin.common.styles%7Cmediawiki.special.userlogin.login.styles%7Cmediawiki.ui%7Cmediawiki.ui.button%2Ccheckbox%2Cinput%2Cradio%7Cskins.vector.styles.legacy&only=styles&skin=vector" "Mozilla/5.0 (X11; Ubuntu; Linux x86_64; rv:95.0) Gecko/20100101 Firefox/95.0"
192.168.1.163 - - [15/Dec/2021:05:36:24 +0000] "GET /w/skins/Vector/resources/skins.vector.styles/images/user-avatar.svg?b7f58 HTTP/1.1" 200 541 "http://philobiblon.duckdns.org:3000/w/load.php?lang=ca&modules=ext.uls.pt%7Cext.visualEditor.desktopArticleTarget.noscript%7Cmediawiki.htmlform.styles%7Cmediawiki.special.userlogin.common.styles%7Cmediawiki.special.userlogin.login.styles%7Cmediawiki.ui%7Cmediawiki.ui.button%2Ccheckbox%2Cinput%2Cradio%7Cskins.vector.styles.legacy&only=styles&skin=vector" "Mozilla/5.0 (X11; Ubuntu; Linux x86_64; rv:95.0) Gecko/20100101 Firefox/95.0"
192.168.1.163 - - [15/Dec/2021:05:36:24 +0000] "GET /w/skins/Vector/resources/skins.vector.styles/images/search.svg?4d50a HTTP/1.1" 200 518 "http://philobiblon.duckdns.org:3000/w/load.php?lang=ca&modules=ext.uls.pt%7Cext.visualEditor.desktopArticleTarget.noscript%7Cmediawiki.htmlform.styles%7Cmediawiki.special.userlogin.common.styles%7Cmediawiki.special.userlogin.login.styles%7Cmediawiki.ui%7Cmediawiki.ui.button%2Ccheckbox%2Cinput%2Cradio%7Cskins.vector.styles.legacy&only=styles&skin=vector" "Mozilla/5.0 (X11; Ubuntu; Linux x86_64; rv:95.0) Gecko/20100101 Firefox/95.0"
192.168.1.163 - - [15/Dec/2021:05:36:24 +0000] "GET /w/resources/assets/wiki.png?4d48b HTTP/1.1" 200 22475 "http://philobiblon.duckdns.org:3000/w/load.php?lang=ca&modules=ext.uls.pt%7Cext.visualEditor.desktopArticleTarget.noscript%7Cmediawiki.htmlform.styles%7Cmediawiki.special.userlogin.common.styles%7Cmediawiki.special.userlogin.login.styles%7Cmediawiki.ui%7Cmediawiki.ui.button%2Ccheckbox%2Cinput%2Cradio%7Cskins.vector.styles.legacy&only=styles&skin=vector" "Mozilla/5.0 (X11; Ubuntu; Linux x86_64; rv:95.0) Gecko/20100101 Firefox/95.0"
192.168.192.10 - - [15/Dec/2021:05:36:25 +0000] "GET /w/api.php?format=json&action=query&list=recentchanges&rcdir=newer&rcprop=title%7Cids%7Ctimestamp&rcnamespace=120%7C122&rclimit=100&continue=&rcstart=2021-09-16T05%3A36%3A25.123Z HTTP/1.1" 200 571 "-" "Wikidata Query Service Updater Bot"
192.168.1.163 - - [15/Dec/2021:05:36:23 +0000] "GET /w/load.php?lang=ca&modules=startup&only=scripts&raw=1&safemode=1&skin=vector HTTP/1.1" 200 14404 "http://philobiblon.duckdns.org:3000/w/index.php?title=Special:UserLogin&returnto=Special%3AOAuth%2Fauthorize&returntoquery=oauth_token%3Dbf8538ba9d8c97fe557cc87fb9be0669%26oauth_consumer_key%3D5fb44df74d2bcf60a16e6f430578a5f1%26callback%3Dhttp%253A%252F%252Fphilobiblon.duckdns.org%253A3002%252Fapi.php&warning=mwoauth-login-required-reason" "Mozilla/5.0 (X11; Ubuntu; Linux x86_64; rv:95.0) Gecko/20100101 Firefox/95.0"
192.168.192.10 - - [15/Dec/2021:05:36:28 +0000] "GET /w/api.php?format=json&action=query&list=recentchanges&rcdir=newer&rcprop=title%7Cids%7Ctimestamp&rcnamespace=120%7C122&rclimit=100&continue=&rcstart=2021-09-16T05%3A36%3A25.123Z HTTP/1.1" 200 570 "-" "Wikidata Query Service Updater Bot"
192.168.1.163 - - [15/Dec/2021:05:36:31 +0000] "POST /w/index.php?title=Special:UserLogin&returnto=Special:OAuth/authorize&returntoquery=oauth_token%3Dbf8538ba9d8c97fe557cc87fb9be0669%26oauth_consumer_key%3D5fb44df74d2bcf60a16e6f430578a5f1%26callback%3Dhttp%253A%252F%252Fphilobiblon.duckdns.org%253A3002%252Fapi.php HTTP/1.1" 302 1235 "http://philobiblon.duckdns.org:3000/w/index.php?title=Special:UserLogin&returnto=Special%3AOAuth%2Fauthorize&returntoquery=oauth_token%3Dbf8538ba9d8c97fe557cc87fb9be0669%26oauth_consumer_key%3D5fb44df74d2bcf60a16e6f430578a5f1%26callback%3Dhttp%253A%252F%252Fphilobiblon.duckdns.org%253A3002%252Fapi.php&warning=mwoauth-login-required-reason" "Mozilla/5.0 (X11; Ubuntu; Linux x86_64; rv:95.0) Gecko/20100101 Firefox/95.0"
192.168.1.163 - - [15/Dec/2021:05:36:32 +0000] "GET /w/index.php?title=Special:OAuth/authorize&oauth_token=bf8538ba9d8c97fe557cc87fb9be0669&oauth_consumer_key=5fb44df74d2bcf60a16e6f430578a5f1&callback=http%3A%2F%2Fphilobiblon.duckdns.org%3A3002%2Fapi.php HTTP/1.1" 200 4865 "http://philobiblon.duckdns.org:3000/w/index.php?title=Special:UserLogin&returnto=Special%3AOAuth%2Fauthorize&returntoquery=oauth_token%3Dbf8538ba9d8c97fe557cc87fb9be0669%26oauth_consumer_key%3D5fb44df74d2bcf60a16e6f430578a5f1%26callback%3Dhttp%253A%252F%252Fphilobiblon.duckdns.org%253A3002%252Fapi.php&warning=mwoauth-login-required-reason" "Mozilla/5.0 (X11; Ubuntu; Linux x86_64; rv:95.0) Gecko/20100101 Firefox/95.0"
192.168.1.163 - - [15/Dec/2021:05:36:32 +0000] "GET /w/load.php?lang=en&modules=ext.MWOAuth.styles%7Cext.uls.pt%7Cext.visualEditor.desktopArticleTarget.noscript%7Cmediawiki.htmlform.styles%7Cmediawiki.ui%7Cmediawiki.ui.button%7Cskins.vector.styles.legacy&only=styles&skin=vector HTTP/1.1" 200 10115 "http://philobiblon.duckdns.org:3000/w/index.php?title=Special:OAuth/authorize&oauth_token=bf8538ba9d8c97fe557cc87fb9be0669&oauth_consumer_key=5fb44df74d2bcf60a16e6f430578a5f1&callback=http%3A%2F%2Fphilobiblon.duckdns.org%3A3002%2Fapi.php" "Mozilla/5.0 (X11; Ubuntu; Linux x86_64; rv:95.0) Gecko/20100101 Firefox/95.0"
192.168.1.163 - - [15/Dec/2021:05:36:32 +0000] "GET /w/load.php?lang=en&modules=startup&only=scripts&raw=1&safemode=1&skin=vector HTTP/1.1" 200 14408 "http://philobiblon.duckdns.org:3000/w/index.php?title=Special:OAuth/authorize&oauth_token=bf8538ba9d8c97fe557cc87fb9be0669&oauth_consumer_key=5fb44df74d2bcf60a16e6f430578a5f1&callback=http%3A%2F%2Fphilobiblon.duckdns.org%3A3002%2Fapi.php" "Mozilla/5.0 (X11; Ubuntu; Linux x86_64; rv:95.0) Gecko/20100101 Firefox/95.0"
192.168.1.163 - - [15/Dec/2021:05:36:35 +0000] "GET /w/skins/Vector/resources/skins.vector.styles/images/bullet-icon.svg?d4515 HTTP/1.1" 200 446 "http://philobiblon.duckdns.org:3000/w/load.php?lang=en&modules=ext.MWOAuth.styles%7Cext.uls.pt%7Cext.visualEditor.desktopArticleTarget.noscript%7Cmediawiki.htmlform.styles%7Cmediawiki.ui%7Cmediawiki.ui.button%7Cskins.vector.styles.legacy&only=styles&skin=vector" "Mozilla/5.0 (X11; Ubuntu; Linux x86_64; rv:95.0) Gecko/20100101 Firefox/95.0"
192.168.1.163 - - [15/Dec/2021:05:36:37 +0000] "POST /wiki/Special:OAuth/authorize HTTP/1.1" 302 813 "http://philobiblon.duckdns.org:3000/w/index.php?title=Special:OAuth/authorize&oauth_token=bf8538ba9d8c97fe557cc87fb9be0669&oauth_consumer_key=5fb44df74d2bcf60a16e6f430578a5f1&callback=http%3A%2F%2Fphilobiblon.duckdns.org%3A3002%2Fapi.php" "Mozilla/5.0 (X11; Ubuntu; Linux x86_64; rv:95.0) Gecko/20100101 Firefox/95.0"
192.168.192.9 - - [15/Dec/2021:05:36:37 +0000] "GET /w/index.php?title=Special:OAuth/token&format=json&oauth_verifier=e5b8257b212cdbe876f087b496a86932&oauth_consumer_key=5fb44df74d2bcf60a16e6f430578a5f1&oauth_token=bf8538ba9d8c97fe557cc87fb9be0669&oauth_version=1.0&oauth_nonce=339df56371f935a74dca82339080bbf0&oauth_timestamp=1639546597&oauth_signature_method=HMAC-SHA1&oauth_signature=kQhMYYnPHEdC051aVyDOvivGodI%3D HTTP/1.1" 200 454 "-" "Wikibase Docker QuickStatements"
192.168.192.10 - - [15/Dec/2021:05:36:38 +0000] "GET /w/api.php?format=json&action=query&list=recentchanges&rcdir=newer&rcprop=title%7Cids%7Ctimestamp&rcnamespace=120%7C122&rclimit=100&continue=&rcstart=2021-09-16T05%3A36%3A25.123Z HTTP/1.1" 200 571 "-" "Wikidata Query Service Updater Bot"
192.168.192.9 - - [15/Dec/2021:05:36:40 +0000] "GET /w/index.php?title=Special:OAuth/initiate&format=json&oauth_callback=http%3A%2F%2Fphilobiblon.duckdns.org%3A3002%2Fapi.php&oauth_consumer_key=5fb44df74d2bcf60a16e6f430578a5f1&oauth_version=1.0&oauth_nonce=3bf1c4b5b3d1c14e1d772a379ef7871c&oauth_timestamp=1639546600&oauth_signature_method=HMAC-SHA1&oauth_signature=C7kre1hevOpb6OYwLyosCkG12Fs%3D HTTP/1.1" 200 481 "-" "Wikibase Docker QuickStatements"
192.168.1.163 - - [15/Dec/2021:05:36:40 +0000] "GET /w/index.php?title=Special:OAuth/authorize&oauth_token=fa1d0605ba6e9cfaad63a98b5df10f9a&oauth_consumer_key=5fb44df74d2bcf60a16e6f430578a5f1&callback=http%3A%2F%2Fphilobiblon.duckdns.org%3A3002%2Fapi.php HTTP/1.1" 200 4863 "http://philobiblon.duckdns.org:3002/" "Mozilla/5.0 (X11; Ubuntu; Linux x86_64; rv:95.0) Gecko/20100101 Firefox/95.0"
192.168.1.163 - - [15/Dec/2021:05:36:43 +0000] "POST /wiki/Special:OAuth/authorize HTTP/1.1" 302 813 "http://philobiblon.duckdns.org:3000/w/index.php?title=Special:OAuth/authorize&oauth_token=fa1d0605ba6e9cfaad63a98b5df10f9a&oauth_consumer_key=5fb44df74d2bcf60a16e6f430578a5f1&callback=http%3A%2F%2Fphilobiblon.duckdns.org%3A3002%2Fapi.php" "Mozilla/5.0 (X11; Ubuntu; Linux x86_64; rv:95.0) Gecko/20100101 Firefox/95.0"
192.168.192.9 - - [15/Dec/2021:05:36:43 +0000] "GET /w/index.php?title=Special:OAuth/token&format=json&oauth_verifier=6094aa25dfe71dbfe67c6f212ab1a549&oauth_consumer_key=5fb44df74d2bcf60a16e6f430578a5f1&oauth_token=fa1d0605ba6e9cfaad63a98b5df10f9a&oauth_version=1.0&oauth_nonce=a4ee064d758325369a01c1f1cbd15b6d&oauth_timestamp=1639546603&oauth_signature_method=HMAC-SHA1&oauth_signature=2slnO2fSkhXiKthg%2FBIcA1KMvmY%3D HTTP/1.1" 200 454 "-" "Wikibase Docker QuickStatements"
192.168.192.10 - - [15/Dec/2021:05:36:48 +0000] "GET /w/api.php?format=json&action=query&list=recentchanges&rcdir=newer&rcprop=title%7Cids%7Ctimestamp&rcnamespace=120%7C122&rclimit=100&continue=&rcstart=2021-09-16T05%3A36%3A25.123Z HTTP/1.1" 200 571 "-" "Wikidata Query Service Updater Bot"
192.168.192.9 - - [15/Dec/2021:05:36:48 +0000] "GET /w/index.php?title=Special:OAuth/initiate&format=json&oauth_callback=http%3A%2F%2Fphilobiblon.duckdns.org%3A3002%2Fapi.php&oauth_consumer_key=5fb44df74d2bcf60a16e6f430578a5f1&oauth_version=1.0&oauth_nonce=690c5abfa82ec8a409b6c4c6a3f65d9f&oauth_timestamp=1639546608&oauth_signature_method=HMAC-SHA1&oauth_signature=NoCiNYzwmR12eJvErqQd0DNvJFs%3D HTTP/1.1" 200 481 "-" "Wikibase Docker QuickStatements"
192.168.1.163 - - [15/Dec/2021:05:36:48 +0000] "GET /w/index.php?title=Special:OAuth/authorize&oauth_token=d4ba3bde280bd9eca7fe4e55c8269aaf&oauth_consumer_key=5fb44df74d2bcf60a16e6f430578a5f1&callback=http%3A%2F%2Fphilobiblon.duckdns.org%3A3002%2Fapi.php HTTP/1.1" 200 4864 "http://philobiblon.duckdns.org:3002/" "Mozilla/5.0 (X11; Ubuntu; Linux x86_64; rv:95.0) Gecko/20100101 Firefox/95.0"
192.168.1.163 - - [15/Dec/2021:05:36:50 +0000] "POST /wiki/Special:OAuth/authorize HTTP/1.1" 302 813 "http://philobiblon.duckdns.org:3000/w/index.php?title=Special:OAuth/authorize&oauth_token=d4ba3bde280bd9eca7fe4e55c8269aaf&oauth_consumer_key=5fb44df74d2bcf60a16e6f430578a5f1&callback=http%3A%2F%2Fphilobiblon.duckdns.org%3A3002%2Fapi.php" "Mozilla/5.0 (X11; Ubuntu; Linux x86_64; rv:95.0) Gecko/20100101 Firefox/95.0"
192.168.192.9 - - [15/Dec/2021:05:36:50 +0000] "GET /w/index.php?title=Special:OAuth/token&format=json&oauth_verifier=add4fdbf2d6e79e03d60fe220358c28b&oauth_consumer_key=5fb44df74d2bcf60a16e6f430578a5f1&oauth_token=d4ba3bde280bd9eca7fe4e55c8269aaf&oauth_version=1.0&oauth_nonce=5b6ffe38805f94f0bda3200b6b26e73b&oauth_timestamp=1639546610&oauth_signature_method=HMAC-SHA1&oauth_signature=BuK3RIJVKR2bbr3Th1efzP8D%2Ffc%3D HTTP/1.1" 200 454 "-" "Wikibase Docker QuickStatements"
192.168.192.10 - - [15/Dec/2021:05:37:00 +0000] "\n" 400 487 "-" "-"
192.168.192.10 - - [15/Dec/2021:05:37:58 +0000] "\n" 400 487 "-" "-"
